This file contains any messages produced by compilers while
running configure, to aid debugging if configure makes a mistake.

It was created by configure, which was
generated by GNU Autoconf 2.69.  Invocation command line was

  $ ./configure 

## --------- ##
## Platform. ##
## --------- ##

hostname = localhost.localdomain
uname -m = x86_64
uname -r = 5.0.7-300.fc30.x86_64
uname -s = Linux
uname -v = #1 SMP Mon Apr 8 18:28:09 UTC 2019

/usr/bin/uname -p = x86_64
/bin/uname -X     = unknown

/bin/arch              = x86_64
/usr/bin/arch -k       = unknown
/usr/convex/getsysinfo = unknown
/usr/bin/hostinfo      = unknown
/bin/machine           = unknown
/usr/bin/oslevel       = unknown
/bin/universe          = unknown

PATH: /home/liuhui/ucw/repo/prsi/master/bos/sim
PATH: /home/liuhui/ucw/repo/prsi/master/thm/sim
PATH: /home/liuhui/ucw/repo/prsi/master/bos/sim
PATH: /home/liuhui/ucw/repo/prsi/master/thm/sim
PATH: /usr/lib64/mpich/bin
PATH: /usr/share/Modules/bin
PATH: /misc/backup/texlive2018/bin/x86_64-linux
PATH: /usr/lib64/ccache
PATH: /usr/local/bin
PATH: /usr/local/sbin
PATH: /usr/bin
PATH: /usr/sbin
PATH: /home/liuhui/bin


## ----------- ##
## Core tests. ##
## ----------- ##

configure:2333: ============================== compilers ===========================
configure:2392: checking for gcc
configure:2408: found /usr/lib64/ccache/gcc
configure:2419: result: gcc
configure:2450: checking for C compiler version
configure:2459: gcc --version >&5
gcc (GCC) 9.0.1 20190312 (Red Hat 9.0.1-0.10)
Copyright (C) 2019 Free Software Foundation, Inc.
This is free software; see the source for copying conditions.  There is NO
warranty; not even for MERCHANTABILITY or FITNESS FOR A PARTICULAR PURPOSE.

configure:2470: $? = 0
configure:2459: gcc -v >&5
Using built-in specs.
COLLECT_GCC=/usr/bin/gcc
COLLECT_LTO_WRAPPER=/usr/libexec/gcc/x86_64-redhat-linux/9/lto-wrapper
OFFLOAD_TARGET_NAMES=nvptx-none
OFFLOAD_TARGET_DEFAULT=1
Target: x86_64-redhat-linux
Configured with: ../configure --enable-bootstrap --enable-languages=c,c++,fortran,objc,obj-c++,ada,go,d,lto --prefix=/usr --mandir=/usr/share/man --infodir=/usr/share/info --with-bugurl=http://bugzilla.redhat.com/bugzilla --enable-shared --enable-threads=posix --enable-checking=release --enable-multilib --with-system-zlib --enable-__cxa_atexit --disable-libunwind-exceptions --enable-gnu-unique-object --enable-linker-build-id --with-gcc-major-version-only --with-linker-hash-style=gnu --enable-plugin --enable-initfini-array --with-isl --enable-offload-targets=nvptx-none --without-cuda-driver --enable-gnu-indirect-function --enable-cet --with-tune=generic --with-arch_32=i686 --build=x86_64-redhat-linux
Thread model: posix
gcc version 9.0.1 20190312 (Red Hat 9.0.1-0.10) (GCC) 
configure:2470: $? = 0
configure:2459: gcc -V >&5
gcc: error: unrecognized command line option '-V'
gcc: fatal error: no input files
compilation terminated.
configure:2470: $? = 1
configure:2459: gcc -qversion >&5
gcc: error: unrecognized command line option '-qversion'; did you mean '--version'?
gcc: fatal error: no input files
compilation terminated.
configure:2470: $? = 1
configure:2490: checking whether the C compiler works
configure:2512: gcc    conftest.c  >&5
configure:2516: $? = 0
configure:2564: result: yes
configure:2567: checking for C compiler default output file name
configure:2569: result: a.out
configure:2575: checking for suffix of executables
configure:2582: gcc -o conftest    conftest.c  >&5
configure:2586: $? = 0
configure:2608: result: 
configure:2630: checking whether we are cross compiling
configure:2638: gcc -o conftest    conftest.c  >&5
configure:2642: $? = 0
configure:2649: ./conftest
configure:2653: $? = 0
configure:2641: result: no
configure:2646: checking for suffix of object files
configure:2668: gcc -c   conftest.c >&5
configure:2672: $? = 0
configure:2693: result: o
configure:2697: checking whether we are using the GNU C compiler
configure:2716: gcc -c   conftest.c >&5
configure:2716: $? = 0
configure:2725: result: yes
configure:2734: checking whether gcc accepts -g
configure:2754: gcc -c -g  conftest.c >&5
configure:2754: $? = 0
configure:2795: result: yes
configure:2812: checking for gcc option to accept ISO C89
configure:2875: gcc  -c -g -O2  conftest.c >&5
configure:2875: $? = 0
configure:2888: result: none needed
configure:2966: checking for g++
configure:2982: found /usr/lib64/ccache/g++
configure:2993: result: g++
configure:3020: checking for C++ compiler version
configure:3029: g++ --version >&5
g++ (GCC) 9.0.1 20190312 (Red Hat 9.0.1-0.10)
Copyright (C) 2019 Free Software Foundation, Inc.
This is free software; see the source for copying conditions.  There is NO
warranty; not even for MERCHANTABILITY or FITNESS FOR A PARTICULAR PURPOSE.

configure:3040: $? = 0
configure:3029: g++ -v >&5
Using built-in specs.
COLLECT_GCC=/usr/bin/g++
COLLECT_LTO_WRAPPER=/usr/libexec/gcc/x86_64-redhat-linux/9/lto-wrapper
OFFLOAD_TARGET_NAMES=nvptx-none
OFFLOAD_TARGET_DEFAULT=1
Target: x86_64-redhat-linux
Configured with: ../configure --enable-bootstrap --enable-languages=c,c++,fortran,objc,obj-c++,ada,go,d,lto --prefix=/usr --mandir=/usr/share/man --infodir=/usr/share/info --with-bugurl=http://bugzilla.redhat.com/bugzilla --enable-shared --enable-threads=posix --enable-checking=release --enable-multilib --with-system-zlib --enable-__cxa_atexit --disable-libunwind-exceptions --enable-gnu-unique-object --enable-linker-build-id --with-gcc-major-version-only --with-linker-hash-style=gnu --enable-plugin --enable-initfini-array --with-isl --enable-offload-targets=nvptx-none --without-cuda-driver --enable-gnu-indirect-function --enable-cet --with-tune=generic --with-arch_32=i686 --build=x86_64-redhat-linux
Thread model: posix
gcc version 9.0.1 20190312 (Red Hat 9.0.1-0.10) (GCC) 
configure:3040: $? = 0
configure:3029: g++ -V >&5
g++: error: unrecognized command line option '-V'
g++: fatal error: no input files
compilation terminated.
configure:3040: $? = 1
configure:3029: g++ -qversion >&5
g++: error: unrecognized command line option '-qversion'; did you mean '--version'?
g++: fatal error: no input files
compilation terminated.
configure:3040: $? = 1
configure:3044: checking whether we are using the GNU C++ compiler
configure:3063: g++ -c   conftest.cpp >&5
configure:3063: $? = 0
configure:3072: result: yes
configure:3081: checking whether g++ accepts -g
configure:3101: g++ -c -g  conftest.cpp >&5
configure:3101: $? = 0
configure:3142: result: yes
configure:3218: checking for gfortran
configure:3234: found /usr/bin/gfortran
configure:3245: result: gfortran
configure:3271: checking for Fortran compiler version
configure:3280: gfortran --version >&5
GNU Fortran (GCC) 9.0.1 20190312 (Red Hat 9.0.1-0.10)
Copyright (C) 2019 Free Software Foundation, Inc.
This is free software; see the source for copying conditions.  There is NO
warranty; not even for MERCHANTABILITY or FITNESS FOR A PARTICULAR PURPOSE.

configure:3291: $? = 0
configure:3280: gfortran -v >&5
Using built-in specs.
COLLECT_GCC=gfortran
COLLECT_LTO_WRAPPER=/usr/libexec/gcc/x86_64-redhat-linux/9/lto-wrapper
OFFLOAD_TARGET_NAMES=nvptx-none
OFFLOAD_TARGET_DEFAULT=1
Target: x86_64-redhat-linux
Configured with: ../configure --enable-bootstrap --enable-languages=c,c++,fortran,objc,obj-c++,ada,go,d,lto --prefix=/usr --mandir=/usr/share/man --infodir=/usr/share/info --with-bugurl=http://bugzilla.redhat.com/bugzilla --enable-shared --enable-threads=posix --enable-checking=release --enable-multilib --with-system-zlib --enable-__cxa_atexit --disable-libunwind-exceptions --enable-gnu-unique-object --enable-linker-build-id --with-gcc-major-version-only --with-linker-hash-style=gnu --enable-plugin --enable-initfini-array --with-isl --enable-offload-targets=nvptx-none --without-cuda-driver --enable-gnu-indirect-function --enable-cet --with-tune=generic --with-arch_32=i686 --build=x86_64-redhat-linux
Thread model: posix
gcc version 9.0.1 20190312 (Red Hat 9.0.1-0.10) (GCC) 
configure:3291: $? = 0
configure:3280: gfortran -V >&5
gfortran: error: unrecognized command line option '-V'
gfortran: fatal error: no input files
compilation terminated.
configure:3291: $? = 1
configure:3280: gfortran -qversion >&5
gfortran: error: unrecognized command line option '-qversion'; did you mean '--version'?
gfortran: fatal error: no input files
compilation terminated.
configure:3291: $? = 1
configure:3300: checking whether we are using the GNU Fortran compiler
configure:3313: gfortran -c   conftest.F >&5
configure:3313: $? = 0
configure:3322: result: yes
configure:3328: checking whether gfortran accepts -g
configure:3339: gfortran -c -g  conftest.f >&5
configure:3339: $? = 0
configure:3347: result: yes
configure:3381: checking how to run the C preprocessor
configure:3412: gcc -E  conftest.c
configure:3412: $? = 0
configure:3426: gcc -E  conftest.c
conftest.c:9:10: fatal error: ac_nonexistent.h: No such file or directory
    9 | #include <ac_nonexistent.h>
      |          ^~~~~~~~~~~~~~~~~~
compilation terminated.
configure:3426: $? = 1
configure: failed program was:
| /* confdefs.h */
| #define PACKAGE_NAME ""
| #define PACKAGE_TARNAME ""
| #define PACKAGE_VERSION ""
| #define PACKAGE_STRING ""
| #define PACKAGE_BUGREPORT ""
| #define PACKAGE_URL ""
| /* end confdefs.h.  */
| #include <ac_nonexistent.h>
configure:3451: result: gcc -E
configure:3471: gcc -E  conftest.c
configure:3471: $? = 0
configure:3485: gcc -E  conftest.c
conftest.c:9:10: fatal error: ac_nonexistent.h: No such file or directory
    9 | #include <ac_nonexistent.h>
      |          ^~~~~~~~~~~~~~~~~~
compilation terminated.
configure:3485: $? = 1
configure: failed program was:
| /* confdefs.h */
| #define PACKAGE_NAME ""
| #define PACKAGE_TARNAME ""
| #define PACKAGE_VERSION ""
| #define PACKAGE_STRING ""
| #define PACKAGE_BUGREPORT ""
| #define PACKAGE_URL ""
| /* end confdefs.h.  */
| #include <ac_nonexistent.h>
configure:3529: checking whether gcc supports -Wmissing-declarations 
configure:3544: gcc -c -g -O2 -Wall -Wextra -Wmissing-declarations  conftest.c >&5
conftest.c:9:1: warning: return type defaults to 'int' [-Wimplicit-int]
    9 | main(){}
      | ^~~~
configure:3544: $? = 0
configure:3551: result: yes
configure:3529: checking whether gcc supports -Wmissing-prototypes 
configure:3544: gcc -c -g -O2 -Wall -Wextra -Wmissing-declarations -Wmissing-prototypes  conftest.c >&5
conftest.c:9:1: warning: return type defaults to 'int' [-Wimplicit-int]
    9 | main(){}
      | ^~~~
configure:3544: $? = 0
configure:3551: result: yes
configure:3529: checking whether gcc supports -Wimplicit-function-declaration 
configure:3544: gcc -c -g -O2 -Wall -Wextra -Wmissing-declarations -Wmissing-prototypes -Wimplicit-function-declaration  conftest.c >&5
conftest.c:9:1: warning: return type defaults to 'int' [-Wimplicit-int]
    9 | main(){}
      | ^~~~
configure:3544: $? = 0
configure:3551: result: yes
configure:3529: checking whether gcc supports -Wunused 
configure:3544: gcc -c -g -O2 -Wall -Wextra -Wmissing-declarations -Wmissing-prototypes -Wimplicit-function-declaration -Wunused  conftest.c >&5
conftest.c:9:1: warning: return type defaults to 'int' [-Wimplicit-int]
    9 | main(){}
      | ^~~~
configure:3544: $? = 0
configure:3551: result: yes
configure:3529: checking whether gcc supports -Wuninitialized 
configure:3544: gcc -c -g -O2 -Wall -Wextra -Wmissing-declarations -Wmissing-prototypes -Wimplicit-function-declaration -Wunused -Wuninitialized  conftest.c >&5
conftest.c:9:1: warning: return type defaults to 'int' [-Wimplicit-int]
    9 | main(){}
      | ^~~~
configure:3544: $? = 0
configure:3551: result: yes
configure:3529: checking whether gcc supports -Wvla 
configure:3544: gcc -c -g -O2 -Wall -Wextra -Wmissing-declarations -Wmissing-prototypes -Wimplicit-function-declaration -Wunused -Wuninitialized -Wvla  conftest.c >&5
conftest.c:9:1: warning: return type defaults to 'int' [-Wimplicit-int]
    9 | main(){}
      | ^~~~
configure:3544: $? = 0
configure:3551: result: yes
configure:3529: checking whether gcc supports -Wformat 
configure:3544: gcc -c -g -O2 -Wall -Wextra -Wmissing-declarations -Wmissing-prototypes -Wimplicit-function-declaration -Wunused -Wuninitialized -Wvla -Wformat  conftest.c >&5
conftest.c:9:1: warning: return type defaults to 'int' [-Wimplicit-int]
    9 | main(){}
      | ^~~~
configure:3544: $? = 0
configure:3551: result: yes
configure:3529: checking whether gcc supports -Wformat-security 
configure:3544: gcc -c -g -O2 -Wall -Wextra -Wmissing-declarations -Wmissing-prototypes -Wimplicit-function-declaration -Wunused -Wuninitialized -Wvla -Wformat -Wformat-security  conftest.c >&5
conftest.c:9:1: warning: return type defaults to 'int' [-Wimplicit-int]
    9 | main(){}
      | ^~~~
configure:3544: $? = 0
configure:3551: result: yes
configure:3529: checking whether gcc supports -Wmain 
configure:3544: gcc -c -g -O2 -Wall -Wextra -Wmissing-declarations -Wmissing-prototypes -Wimplicit-function-declaration -Wunused -Wuninitialized -Wvla -Wformat -Wformat-security -Wmain  conftest.c >&5
conftest.c:9:1: warning: return type defaults to 'int' [-Wimplicit-int]
    9 | main(){}
      | ^~~~
configure:3544: $? = 0
configure:3551: result: yes
configure:3529: checking whether gcc supports -Wsequence-point 
configure:3544: gcc -c -g -O2 -Wall -Wextra -Wmissing-declarations -Wmissing-prototypes -Wimplicit-function-declaration -Wunused -Wuninitialized -Wvla -Wformat -Wformat-security -Wmain -Wsequence-point  conftest.c >&5
conftest.c:9:1: warning: return type defaults to 'int' [-Wimplicit-int]
    9 | main(){}
      | ^~~~
configure:3544: $? = 0
configure:3551: result: yes
configure:3529: checking whether gcc supports -Wshadow 
configure:3544: gcc -c -g -O2 -Wall -Wextra -Wmissing-declarations -Wmissing-prototypes -Wimplicit-function-declaration -Wunused -Wuninitialized -Wvla -Wformat -Wformat-security -Wmain -Wsequence-point -Wshadow  conftest.c >&5
conftest.c:9:1: warning: return type defaults to 'int' [-Wimplicit-int]
    9 | main(){}
      | ^~~~
configure:3544: $? = 0
configure:3551: result: yes
configure:3529: checking whether gcc supports -Wbad-function-cast 
configure:3544: gcc -c -g -O2 -Wall -Wextra -Wmissing-declarations -Wmissing-prototypes -Wimplicit-function-declaration -Wunused -Wuninitialized -Wvla -Wformat -Wformat-security -Wmain -Wsequence-point -Wshadow -Wbad-function-cast  conftest.c >&5
conftest.c:9:1: warning: return type defaults to 'int' [-Wimplicit-int]
    9 | main(){}
      | ^~~~
configure:3544: $? = 0
configure:3551: result: yes
configure:3529: checking whether gcc supports -Wcomments 
configure:3544: gcc -c -g -O2 -Wall -Wextra -Wmissing-declarations -Wmissing-prototypes -Wimplicit-function-declaration -Wunused -Wuninitialized -Wvla -Wformat -Wformat-security -Wmain -Wsequence-point -Wshadow -Wbad-function-cast -Wcomments  conftest.c >&5
conftest.c:9:1: warning: return type defaults to 'int' [-Wimplicit-int]
    9 | main(){}
      | ^~~~
configure:3544: $? = 0
configure:3551: result: yes
configure:3529: checking whether gcc supports -Wdeclaration-after-statement 
configure:3544: gcc -c -g -O2 -Wall -Wextra -Wmissing-declarations -Wmissing-prototypes -Wimplicit-function-declaration -Wunused -Wuninitialized -Wvla -Wformat -Wformat-security -Wmain -Wsequence-point -Wshadow -Wbad-function-cast -Wcomments -Wdeclaration-after-statement  conftest.c >&5
conftest.c:9:1: warning: return type defaults to 'int' [-Wimplicit-int]
    9 | main(){}
      | ^~~~
configure:3544: $? = 0
configure:3551: result: yes
configure:3529: checking whether gcc supports -Waddress 
configure:3544: gcc -c -g -O2 -Wall -Wextra -Wmissing-declarations -Wmissing-prototypes -Wimplicit-function-declaration -Wunused -Wuninitialized -Wvla -Wformat -Wformat-security -Wmain -Wsequence-point -Wshadow -Wbad-function-cast -Wcomments -Wdeclaration-after-statement -Waddress  conftest.c >&5
conftest.c:9:1: warning: return type defaults to 'int' [-Wimplicit-int]
    9 | main(){}
      | ^~~~
configure:3544: $? = 0
configure:3551: result: yes
configure:3529: checking whether gcc supports -Wpointer-sign 
configure:3544: gcc -c -g -O2 -Wall -Wextra -Wmissing-declarations -Wmissing-prototypes -Wimplicit-function-declaration -Wunused -Wuninitialized -Wvla -Wformat -Wformat-security -Wmain -Wsequence-point -Wshadow -Wbad-function-cast -Wcomments -Wdeclaration-after-statement -Waddress -Wpointer-sign  conftest.c >&5
conftest.c:9:1: warning: return type defaults to 'int' [-Wimplicit-int]
    9 | main(){}
      | ^~~~
configure:3544: $? = 0
configure:3551: result: yes
configure:3529: checking whether gcc supports -Wempty-body 
configure:3544: gcc -c -g -O2 -Wall -Wextra -Wmissing-declarations -Wmissing-prototypes -Wimplicit-function-declaration -Wunused -Wuninitialized -Wvla -Wformat -Wformat-security -Wmain -Wsequence-point -Wshadow -Wbad-function-cast -Wcomments -Wdeclaration-after-statement -Waddress -Wpointer-sign -Wempty-body  conftest.c >&5
conftest.c:9:1: warning: return type defaults to 'int' [-Wimplicit-int]
    9 | main(){}
      | ^~~~
configure:3544: $? = 0
configure:3551: result: yes
configure:3529: checking whether gcc supports -Wnested-externs 
configure:3544: gcc -c -g -O2 -Wall -Wextra -Wmissing-declarations -Wmissing-prototypes -Wimplicit-function-declaration -Wunused -Wuninitialized -Wvla -Wformat -Wformat-security -Wmain -Wsequence-point -Wshadow -Wbad-function-cast -Wcomments -Wdeclaration-after-statement -Waddress -Wpointer-sign -Wempty-body -Wnested-externs  conftest.c >&5
conftest.c:9:1: warning: return type defaults to 'int' [-Wimplicit-int]
    9 | main(){}
      | ^~~~
configure:3544: $? = 0
configure:3551: result: yes
configure:3529: checking whether gcc supports -Wold-style-declaration 
configure:3544: gcc -c -g -O2 -Wall -Wextra -Wmissing-declarations -Wmissing-prototypes -Wimplicit-function-declaration -Wunused -Wuninitialized -Wvla -Wformat -Wformat-security -Wmain -Wsequence-point -Wshadow -Wbad-function-cast -Wcomments -Wdeclaration-after-statement -Waddress -Wpointer-sign -Wempty-body -Wnested-externs -Wold-style-declaration  conftest.c >&5
conftest.c:9:1: warning: return type defaults to 'int' [-Wimplicit-int]
    9 | main(){}
      | ^~~~
configure:3544: $? = 0
configure:3551: result: yes
configure:3529: checking whether gcc supports -Wold-style-definition 
configure:3544: gcc -c -g -O2 -Wall -Wextra -Wmissing-declarations -Wmissing-prototypes -Wimplicit-function-declaration -Wunused -Wuninitialized -Wvla -Wformat -Wformat-security -Wmain -Wsequence-point -Wshadow -Wbad-function-cast -Wcomments -Wdeclaration-after-statement -Waddress -Wpointer-sign -Wempty-body -Wnested-externs -Wold-style-declaration -Wold-style-definition  conftest.c >&5
conftest.c:9:1: warning: return type defaults to 'int' [-Wimplicit-int]
    9 | main(){}
      | ^~~~
conftest.c: In function 'main':
conftest.c:9:1: warning: old-style function definition [-Wold-style-definition]
configure:3544: $? = 0
configure:3551: result: yes
configure:3529: checking whether gcc supports -Wmissing-field-initializers 
configure:3544: gcc -c -g -O2 -Wall -Wextra -Wmissing-declarations -Wmissing-prototypes -Wimplicit-function-declaration -Wunused -Wuninitialized -Wvla -Wformat -Wformat-security -Wmain -Wsequence-point -Wshadow -Wbad-function-cast -Wcomments -Wdeclaration-after-statement -Waddress -Wpointer-sign -Wempty-body -Wnested-externs -Wold-style-declaration -Wold-style-definition -Wmissing-field-initializers  conftest.c >&5
conftest.c:9:1: warning: return type defaults to 'int' [-Wimplicit-int]
    9 | main(){}
      | ^~~~
conftest.c: In function 'main':
conftest.c:9:1: warning: old-style function definition [-Wold-style-definition]
configure:3544: $? = 0
configure:3551: result: yes
configure:3529: checking whether gcc supports -Wmaybe-uninitialized 
configure:3544: gcc -c -g -O2 -Wall -Wextra -Wmissing-declarations -Wmissing-prototypes -Wimplicit-function-declaration -Wunused -Wuninitialized -Wvla -Wformat -Wformat-security -Wmain -Wsequence-point -Wshadow -Wbad-function-cast -Wcomments -Wdeclaration-after-statement -Waddress -Wpointer-sign -Wempty-body -Wnested-externs -Wold-style-declaration -Wold-style-definition -Wmissing-field-initializers -Wmaybe-uninitialized  conftest.c >&5
conftest.c:9:1: warning: return type defaults to 'int' [-Wimplicit-int]
    9 | main(){}
      | ^~~~
conftest.c: In function 'main':
conftest.c:9:1: warning: old-style function definition [-Wold-style-definition]
configure:3544: $? = 0
configure:3551: result: yes
configure:3529: checking whether gcc supports -Wno-return-local-addr 
configure:3544: gcc -c -g -O2 -Wall -Wextra -Wmissing-declarations -Wmissing-prototypes -Wimplicit-function-declaration -Wunused -Wuninitialized -Wvla -Wformat -Wformat-security -Wmain -Wsequence-point -Wshadow -Wbad-function-cast -Wcomments -Wdeclaration-after-statement -Waddress -Wpointer-sign -Wempty-body -Wnested-externs -Wold-style-declaration -Wold-style-definition -Wmissing-field-initializers -Wmaybe-uninitialized -Wno-return-local-addr  conftest.c >&5
conftest.c:9:1: warning: return type defaults to 'int' [-Wimplicit-int]
    9 | main(){}
      | ^~~~
conftest.c: In function 'main':
conftest.c:9:1: warning: old-style function definition [-Wold-style-definition]
configure:3544: $? = 0
configure:3551: result: yes
configure:3529: checking whether gcc supports -Wreturn-type 
configure:3544: gcc -c -g -O2 -Wall -Wextra -Wmissing-declarations -Wmissing-prototypes -Wimplicit-function-declaration -Wunused -Wuninitialized -Wvla -Wformat -Wformat-security -Wmain -Wsequence-point -Wshadow -Wbad-function-cast -Wcomments -Wdeclaration-after-statement -Waddress -Wpointer-sign -Wempty-body -Wnested-externs -Wold-style-declaration -Wold-style-definition -Wmissing-field-initializers -Wmaybe-uninitialized -Wno-return-local-addr -Wreturn-type  conftest.c >&5
conftest.c:9:1: warning: return type defaults to 'int' [-Wimplicit-int]
    9 | main(){}
      | ^~~~
conftest.c: In function 'main':
conftest.c:9:1: warning: old-style function definition [-Wold-style-definition]
configure:3544: $? = 0
configure:3551: result: yes
configure:3529: checking whether gcc supports -Wsequence-point 
configure:3544: gcc -c -g -O2 -Wall -Wextra -Wmissing-declarations -Wmissing-prototypes -Wimplicit-function-declaration -Wunused -Wuninitialized -Wvla -Wformat -Wformat-security -Wmain -Wsequence-point -Wshadow -Wbad-function-cast -Wcomments -Wdeclaration-after-statement -Waddress -Wpointer-sign -Wempty-body -Wnested-externs -Wold-style-declaration -Wold-style-definition -Wmissing-field-initializers -Wmaybe-uninitialized -Wno-return-local-addr -Wreturn-type -Wsequence-point  conftest.c >&5
conftest.c:9:1: warning: return type defaults to 'int' [-Wimplicit-int]
    9 | main(){}
      | ^~~~
conftest.c: In function 'main':
conftest.c:9:1: warning: old-style function definition [-Wold-style-definition]
configure:3544: $? = 0
configure:3551: result: yes
configure:3529: checking whether gcc supports -Wundef 
configure:3544: gcc -c -g -O2 -Wall -Wextra -Wmissing-declarations -Wmissing-prototypes -Wimplicit-function-declaration -Wunused -Wuninitialized -Wvla -Wformat -Wformat-security -Wmain -Wsequence-point -Wshadow -Wbad-function-cast -Wcomments -Wdeclaration-after-statement -Waddress -Wpointer-sign -Wempty-body -Wnested-externs -Wold-style-declaration -Wold-style-definition -Wmissing-field-initializers -Wmaybe-uninitialized -Wno-return-local-addr -Wreturn-type -Wsequence-point -Wundef  conftest.c >&5
conftest.c:9:1: warning: return type defaults to 'int' [-Wimplicit-int]
    9 | main(){}
      | ^~~~
conftest.c: In function 'main':
conftest.c:9:1: warning: old-style function definition [-Wold-style-definition]
configure:3544: $? = 0
configure:3551: result: yes
configure:3529: checking whether gcc supports -Wunknown-pragmas 
configure:3544: gcc -c -g -O2 -Wall -Wextra -Wmissing-declarations -Wmissing-prototypes -Wimplicit-function-declaration -Wunused -Wuninitialized -Wvla -Wformat -Wformat-security -Wmain -Wsequence-point -Wshadow -Wbad-function-cast -Wcomments -Wdeclaration-after-statement -Waddress -Wpointer-sign -Wempty-body -Wnested-externs -Wold-style-declaration -Wold-style-definition -Wmissing-field-initializers -Wmaybe-uninitialized -Wno-return-local-addr -Wreturn-type -Wsequence-point -Wundef -Wunknown-pragmas  conftest.c >&5
conftest.c:9:1: warning: return type defaults to 'int' [-Wimplicit-int]
    9 | main(){}
      | ^~~~
conftest.c: In function 'main':
conftest.c:9:1: warning: old-style function definition [-Wold-style-definition]
configure:3544: $? = 0
configure:3551: result: yes
configure:3529: checking whether gcc supports -Wunused-label 
configure:3544: gcc -c -g -O2 -Wall -Wextra -Wmissing-declarations -Wmissing-prototypes -Wimplicit-function-declaration -Wunused -Wuninitialized -Wvla -Wformat -Wformat-security -Wmain -Wsequence-point -Wshadow -Wbad-function-cast -Wcomments -Wdeclaration-after-statement -Waddress -Wpointer-sign -Wempty-body -Wnested-externs -Wold-style-declaration -Wold-style-definition -Wmissing-field-initializers -Wmaybe-uninitialized -Wno-return-local-addr -Wreturn-type -Wsequence-point -Wundef -Wunknown-pragmas -Wunused-label  conftest.c >&5
conftest.c:9:1: warning: return type defaults to 'int' [-Wimplicit-int]
    9 | main(){}
      | ^~~~
conftest.c: In function 'main':
conftest.c:9:1: warning: old-style function definition [-Wold-style-definition]
configure:3544: $? = 0
configure:3551: result: yes
configure:3575: checking whether g++ supports -Wmissing-declarations 
configure:3590: g++ -c -g -O2 -Wno-deprecated -Wall -std=c++11 -Wmissing-declarations  conftest.cpp >&5
conftest.cpp:9:6: warning: ISO C++ forbids declaration of 'main' with no type [-Wreturn-type]
    9 | main(){}
      |      ^
configure:3590: $? = 0
configure:3597: result: yes
configure:3575: checking whether g++ supports -Wunused 
configure:3590: g++ -c -g -O2 -Wno-deprecated -Wall -std=c++11 -Wmissing-declarations -Wunused  conftest.cpp >&5
conftest.cpp:9:6: warning: ISO C++ forbids declaration of 'main' with no type [-Wreturn-type]
    9 | main(){}
      |      ^
configure:3590: $? = 0
configure:3597: result: yes
configure:3575: checking whether g++ supports -Wuninitialized 
configure:3590: g++ -c -g -O2 -Wno-deprecated -Wall -std=c++11 -Wmissing-declarations -Wunused -Wuninitialized  conftest.cpp >&5
conftest.cpp:9:6: warning: ISO C++ forbids declaration of 'main' with no type [-Wreturn-type]
    9 | main(){}
      |      ^
configure:3590: $? = 0
configure:3597: result: yes
configure:3575: checking whether g++ supports -Wvla 
configure:3590: g++ -c -g -O2 -Wno-deprecated -Wall -std=c++11 -Wmissing-declarations -Wunused -Wuninitialized -Wvla  conftest.cpp >&5
conftest.cpp:9:6: warning: ISO C++ forbids declaration of 'main' with no type [-Wreturn-type]
    9 | main(){}
      |      ^
configure:3590: $? = 0
configure:3597: result: yes
configure:3575: checking whether g++ supports -Wformat 
configure:3590: g++ -c -g -O2 -Wno-deprecated -Wall -std=c++11 -Wmissing-declarations -Wunused -Wuninitialized -Wvla -Wformat  conftest.cpp >&5
conftest.cpp:9:6: warning: ISO C++ forbids declaration of 'main' with no type [-Wreturn-type]
    9 | main(){}
      |      ^
configure:3590: $? = 0
configure:3597: result: yes
configure:3575: checking whether g++ supports -Wformat-security 
configure:3590: g++ -c -g -O2 -Wno-deprecated -Wall -std=c++11 -Wmissing-declarations -Wunused -Wuninitialized -Wvla -Wformat -Wformat-security  conftest.cpp >&5
conftest.cpp:9:6: warning: ISO C++ forbids declaration of 'main' with no type [-Wreturn-type]
    9 | main(){}
      |      ^
configure:3590: $? = 0
configure:3597: result: yes
configure:3575: checking whether g++ supports -Wmain 
configure:3590: g++ -c -g -O2 -Wno-deprecated -Wall -std=c++11 -Wmissing-declarations -Wunused -Wuninitialized -Wvla -Wformat -Wformat-security -Wmain  conftest.cpp >&5
conftest.cpp:9:6: warning: ISO C++ forbids declaration of 'main' with no type [-Wreturn-type]
    9 | main(){}
      |      ^
configure:3590: $? = 0
configure:3597: result: yes
configure:3575: checking whether g++ supports -Wsequence-point 
configure:3590: g++ -c -g -O2 -Wno-deprecated -Wall -std=c++11 -Wmissing-declarations -Wunused -Wuninitialized -Wvla -Wformat -Wformat-security -Wmain -Wsequence-point  conftest.cpp >&5
conftest.cpp:9:6: warning: ISO C++ forbids declaration of 'main' with no type [-Wreturn-type]
    9 | main(){}
      |      ^
configure:3590: $? = 0
configure:3597: result: yes
configure:3575: checking whether g++ supports -Wshadow 
configure:3590: g++ -c -g -O2 -Wno-deprecated -Wall -std=c++11 -Wmissing-declarations -Wunused -Wuninitialized -Wvla -Wformat -Wformat-security -Wmain -Wsequence-point -Wshadow  conftest.cpp >&5
conftest.cpp:9:6: warning: ISO C++ forbids declaration of 'main' with no type [-Wreturn-type]
    9 | main(){}
      |      ^
configure:3590: $? = 0
configure:3597: result: yes
configure:3575: checking whether g++ supports -Waddress 
configure:3590: g++ -c -g -O2 -Wno-deprecated -Wall -std=c++11 -Wmissing-declarations -Wunused -Wuninitialized -Wvla -Wformat -Wformat-security -Wmain -Wsequence-point -Wshadow -Waddress  conftest.cpp >&5
conftest.cpp:9:6: warning: ISO C++ forbids declaration of 'main' with no type [-Wreturn-type]
    9 | main(){}
      |      ^
configure:3590: $? = 0
configure:3597: result: yes
configure:3575: checking whether g++ supports -Wcomments 
configure:3590: g++ -c -g -O2 -Wno-deprecated -Wall -std=c++11 -Wmissing-declarations -Wunused -Wuninitialized -Wvla -Wformat -Wformat-security -Wmain -Wsequence-point -Wshadow -Waddress -Wcomments  conftest.cpp >&5
conftest.cpp:9:6: warning: ISO C++ forbids declaration of 'main' with no type [-Wreturn-type]
    9 | main(){}
      |      ^
configure:3590: $? = 0
configure:3597: result: yes
configure:3575: checking whether g++ supports -Wmain 
configure:3590: g++ -c -g -O2 -Wno-deprecated -Wall -std=c++11 -Wmissing-declarations -Wunused -Wuninitialized -Wvla -Wformat -Wformat-security -Wmain -Wsequence-point -Wshadow -Waddress -Wcomments -Wmain  conftest.cpp >&5
conftest.cpp:9:6: warning: ISO C++ forbids declaration of 'main' with no type [-Wreturn-type]
    9 | main(){}
      |      ^
configure:3590: $? = 0
configure:3597: result: yes
configure:3575: checking whether g++ supports -Wsequence-point 
configure:3590: g++ -c -g -O2 -Wno-deprecated -Wall -std=c++11 -Wmissing-declarations -Wunused -Wuninitialized -Wvla -Wformat -Wformat-security -Wmain -Wsequence-point -Wshadow -Waddress -Wcomments -Wmain -Wsequence-point  conftest.cpp >&5
conftest.cpp:9:6: warning: ISO C++ forbids declaration of 'main' with no type [-Wreturn-type]
    9 | main(){}
      |      ^
configure:3590: $? = 0
configure:3597: result: yes
configure:3575: checking whether g++ supports -Wempty-body 
configure:3590: g++ -c -g -O2 -Wno-deprecated -Wall -std=c++11 -Wmissing-declarations -Wunused -Wuninitialized -Wvla -Wformat -Wformat-security -Wmain -Wsequence-point -Wshadow -Waddress -Wcomments -Wmain -Wsequence-point -Wempty-body  conftest.cpp >&5
conftest.cpp:9:6: warning: ISO C++ forbids declaration of 'main' with no type [-Wreturn-type]
    9 | main(){}
      |      ^
configure:3590: $? = 0
configure:3597: result: yes
configure:3575: checking whether g++ supports -Wmissing-field-initializers 
configure:3590: g++ -c -g -O2 -Wno-deprecated -Wall -std=c++11 -Wmissing-declarations -Wunused -Wuninitialized -Wvla -Wformat -Wformat-security -Wmain -Wsequence-point -Wshadow -Waddress -Wcomments -Wmain -Wsequence-point -Wempty-body -Wmissing-field-initializers  conftest.cpp >&5
conftest.cpp:9:6: warning: ISO C++ forbids declaration of 'main' with no type [-Wreturn-type]
    9 | main(){}
      |      ^
configure:3590: $? = 0
configure:3597: result: yes
configure:3575: checking whether g++ supports -Wmaybe-uninitialized 
configure:3590: g++ -c -g -O2 -Wno-deprecated -Wall -std=c++11 -Wmissing-declarations -Wunused -Wuninitialized -Wvla -Wformat -Wformat-security -Wmain -Wsequence-point -Wshadow -Waddress -Wcomments -Wmain -Wsequence-point -Wempty-body -Wmissing-field-initializers -Wmaybe-uninitialized  conftest.cpp >&5
conftest.cpp:9:6: warning: ISO C++ forbids declaration of 'main' with no type [-Wreturn-type]
    9 | main(){}
      |      ^
configure:3590: $? = 0
configure:3597: result: yes
configure:3575: checking whether g++ supports -Wno-return-local-addr 
configure:3590: g++ -c -g -O2 -Wno-deprecated -Wall -std=c++11 -Wmissing-declarations -Wunused -Wuninitialized -Wvla -Wformat -Wformat-security -Wmain -Wsequence-point -Wshadow -Waddress -Wcomments -Wmain -Wsequence-point -Wempty-body -Wmissing-field-initializers -Wmaybe-uninitialized -Wno-return-local-addr  conftest.cpp >&5
conftest.cpp:9:6: warning: ISO C++ forbids declaration of 'main' with no type [-Wreturn-type]
    9 | main(){}
      |      ^
configure:3590: $? = 0
configure:3597: result: yes
configure:3575: checking whether g++ supports -Wreturn-type 
configure:3590: g++ -c -g -O2 -Wno-deprecated -Wall -std=c++11 -Wmissing-declarations -Wunused -Wuninitialized -Wvla -Wformat -Wformat-security -Wmain -Wsequence-point -Wshadow -Waddress -Wcomments -Wmain -Wsequence-point -Wempty-body -Wmissing-field-initializers -Wmaybe-uninitialized -Wno-return-local-addr -Wreturn-type  conftest.cpp >&5
conftest.cpp:9:6: warning: ISO C++ forbids declaration of 'main' with no type [-Wreturn-type]
    9 | main(){}
      |      ^
configure:3590: $? = 0
configure:3597: result: yes
configure:3575: checking whether g++ supports -Wsequence-point 
configure:3590: g++ -c -g -O2 -Wno-deprecated -Wall -std=c++11 -Wmissing-declarations -Wunused -Wuninitialized -Wvla -Wformat -Wformat-security -Wmain -Wsequence-point -Wshadow -Waddress -Wcomments -Wmain -Wsequence-point -Wempty-body -Wmissing-field-initializers -Wmaybe-uninitialized -Wno-return-local-addr -Wreturn-type -Wsequence-point  conftest.cpp >&5
conftest.cpp:9:6: warning: ISO C++ forbids declaration of 'main' with no type [-Wreturn-type]
    9 | main(){}
      |      ^
configure:3590: $? = 0
configure:3597: result: yes
configure:3575: checking whether g++ supports -Wundef 
configure:3590: g++ -c -g -O2 -Wno-deprecated -Wall -std=c++11 -Wmissing-declarations -Wunused -Wuninitialized -Wvla -Wformat -Wformat-security -Wmain -Wsequence-point -Wshadow -Waddress -Wcomments -Wmain -Wsequence-point -Wempty-body -Wmissing-field-initializers -Wmaybe-uninitialized -Wno-return-local-addr -Wreturn-type -Wsequence-point -Wundef  conftest.cpp >&5
conftest.cpp:9:6: warning: ISO C++ forbids declaration of 'main' with no type [-Wreturn-type]
    9 | main(){}
      |      ^
configure:3590: $? = 0
configure:3597: result: yes
configure:3575: checking whether g++ supports -Wunknown-pragmas 
configure:3590: g++ -c -g -O2 -Wno-deprecated -Wall -std=c++11 -Wmissing-declarations -Wunused -Wuninitialized -Wvla -Wformat -Wformat-security -Wmain -Wsequence-point -Wshadow -Waddress -Wcomments -Wmain -Wsequence-point -Wempty-body -Wmissing-field-initializers -Wmaybe-uninitialized -Wno-return-local-addr -Wreturn-type -Wsequence-point -Wundef -Wunknown-pragmas  conftest.cpp >&5
conftest.cpp:9:6: warning: ISO C++ forbids declaration of 'main' with no type [-Wreturn-type]
    9 | main(){}
      |      ^
configure:3590: $? = 0
configure:3597: result: yes
configure:3575: checking whether g++ supports -Wunused-label 
configure:3590: g++ -c -g -O2 -Wno-deprecated -Wall -std=c++11 -Wmissing-declarations -Wunused -Wuninitialized -Wvla -Wformat -Wformat-security -Wmain -Wsequence-point -Wshadow -Waddress -Wcomments -Wmain -Wsequence-point -Wempty-body -Wmissing-field-initializers -Wmaybe-uninitialized -Wno-return-local-addr -Wreturn-type -Wsequence-point -Wundef -Wunknown-pragmas -Wunused-label  conftest.cpp >&5
conftest.cpp:9:6: warning: ISO C++ forbids declaration of 'main' with no type [-Wreturn-type]
    9 | main(){}
      |      ^
configure:3590: $? = 0
configure:3597: result: yes
configure:3613: checking build system type
configure:3627: result: x86_64-unknown-linux-gnu
configure:3647: checking host system type
configure:3660: result: x86_64-unknown-linux-gnu
configure:3685: checking how to get verbose linking output from gfortran
configure:3695: gfortran -c -g -O2  conftest.f >&5
configure:3695: $? = 0
configure:3713: gfortran -o conftest -g -O2 -v conftest.f
Using built-in specs.
Target: x86_64-redhat-linux
Thread model: posix
gcc version 9.0.1 20190312 (Red Hat 9.0.1-0.10) (GCC) 
 /usr/libexec/gcc/x86_64-redhat-linux/9/f951 conftest.f -ffixed-form -quiet -dumpbase conftest.f -mtune=generic -march=x86-64 -auxbase conftest -g -O2 -version -fintrinsic-modules-path /usr/lib/gcc/x86_64-redhat-linux/9/finclude -o /tmp/cccgdh5q.s
GNU Fortran (GCC) version 9.0.1 20190312 (Red Hat 9.0.1-0.10) (x86_64-redhat-linux)
	compiled by GNU C version 9.0.1 20190312 (Red Hat 9.0.1-0.10), GMP version 6.1.2, MPFR version 3.1.6-p2, MPC version 1.1.0, isl version isl-0.16.1-GMP

GGC heuristics: --param ggc-min-expand=100 --param ggc-min-heapsize=131072
GNU Fortran2008 (GCC) version 9.0.1 20190312 (Red Hat 9.0.1-0.10) (x86_64-redhat-linux)
	compiled by GNU C version 9.0.1 20190312 (Red Hat 9.0.1-0.10), GMP version 6.1.2, MPFR version 3.1.6-p2, MPC version 1.1.0, isl version isl-0.16.1-GMP

GGC heuristics: --param ggc-min-expand=100 --param ggc-min-heapsize=131072
 as -v --64 -o /tmp/ccIsIOlV.o /tmp/cccgdh5q.s
GNU assembler version 2.31.1 (x86_64-redhat-linux) using BFD version version 2.31.1-29.fc30
Reading specs from /usr/lib/gcc/x86_64-redhat-linux/9/libgfortran.spec
rename spec lib to liborig
 /usr/libexec/gcc/x86_64-redhat-linux/9/collect2 -plugin /usr/libexec/gcc/x86_64-redhat-linux/9/liblto_plugin.so -plugin-opt=/usr/libexec/gcc/x86_64-redhat-linux/9/lto-wrapper -plugin-opt=-fresolution=/tmp/ccIPW8Cp.res -plugin-opt=-pass-through=-lgcc_s -plugin-opt=-pass-through=-lgcc -plugin-opt=-pass-through=-lquadmath -plugin-opt=-pass-through=-lm -plugin-opt=-pass-through=-lgcc_s -plugin-opt=-pass-through=-lgcc -plugin-opt=-pass-through=-lc -plugin-opt=-pass-through=-lgcc_s -plugin-opt=-pass-through=-lgcc --build-id --no-add-needed --eh-frame-hdr --hash-style=gnu -m elf_x86_64 -dynamic-linker /lib64/ld-linux-x86-64.so.2 -o conftest /usr/lib/gcc/x86_64-redhat-linux/9/../../../../lib64/crt1.o /usr/lib/gcc/x86_64-redhat-linux/9/../../../../lib64/crti.o /usr/lib/gcc/x86_64-redhat-linux/9/crtbegin.o -L/usr/lib/gcc/x86_64-redhat-linux/9 -L/usr/lib/gcc/x86_64-redhat-linux/9/../../../../lib64 -L/lib/../lib64 -L/usr/lib/../lib64 -L/usr/lib/gcc/x86_64-redhat-linux/9/../../.. /tmp/ccIsIOlV.o -lgfortran -lm -lgcc_s -lgcc -lquadmath -lm -lgcc_s -lgcc -lc -lgcc_s -lgcc /usr/lib/gcc/x86_64-redhat-linux/9/crtend.o /usr/lib/gcc/x86_64-redhat-linux/9/../../../../lib64/crtn.o
configure:3796: result: -v
configure:3798: checking for Fortran libraries of gfortran
configure:3821: gfortran -o conftest -g -O2 -v conftest.f
Using built-in specs.
Target: x86_64-redhat-linux
Thread model: posix
gcc version 9.0.1 20190312 (Red Hat 9.0.1-0.10) (GCC) 
 /usr/libexec/gcc/x86_64-redhat-linux/9/f951 conftest.f -ffixed-form -quiet -dumpbase conftest.f -mtune=generic -march=x86-64 -auxbase conftest -g -O2 -version -fintrinsic-modules-path /usr/lib/gcc/x86_64-redhat-linux/9/finclude -o /tmp/ccJwJNwu.s
GNU Fortran (GCC) version 9.0.1 20190312 (Red Hat 9.0.1-0.10) (x86_64-redhat-linux)
	compiled by GNU C version 9.0.1 20190312 (Red Hat 9.0.1-0.10), GMP version 6.1.2, MPFR version 3.1.6-p2, MPC version 1.1.0, isl version isl-0.16.1-GMP

GGC heuristics: --param ggc-min-expand=100 --param ggc-min-heapsize=131072
GNU Fortran2008 (GCC) version 9.0.1 20190312 (Red Hat 9.0.1-0.10) (x86_64-redhat-linux)
	compiled by GNU C version 9.0.1 20190312 (Red Hat 9.0.1-0.10), GMP version 6.1.2, MPFR version 3.1.6-p2, MPC version 1.1.0, isl version isl-0.16.1-GMP

GGC heuristics: --param ggc-min-expand=100 --param ggc-min-heapsize=131072
 as -v --64 -o /tmp/ccrQhVYY.o /tmp/ccJwJNwu.s
GNU assembler version 2.31.1 (x86_64-redhat-linux) using BFD version version 2.31.1-29.fc30
Reading specs from /usr/lib/gcc/x86_64-redhat-linux/9/libgfortran.spec
rename spec lib to liborig
 /usr/libexec/gcc/x86_64-redhat-linux/9/collect2 -plugin /usr/libexec/gcc/x86_64-redhat-linux/9/liblto_plugin.so -plugin-opt=/usr/libexec/gcc/x86_64-redhat-linux/9/lto-wrapper -plugin-opt=-fresolution=/tmp/ccsivNrt.res -plugin-opt=-pass-through=-lgcc_s -plugin-opt=-pass-through=-lgcc -plugin-opt=-pass-through=-lquadmath -plugin-opt=-pass-through=-lm -plugin-opt=-pass-through=-lgcc_s -plugin-opt=-pass-through=-lgcc -plugin-opt=-pass-through=-lc -plugin-opt=-pass-through=-lgcc_s -plugin-opt=-pass-through=-lgcc --build-id --no-add-needed --eh-frame-hdr --hash-style=gnu -m elf_x86_64 -dynamic-linker /lib64/ld-linux-x86-64.so.2 -o conftest /usr/lib/gcc/x86_64-redhat-linux/9/../../../../lib64/crt1.o /usr/lib/gcc/x86_64-redhat-linux/9/../../../../lib64/crti.o /usr/lib/gcc/x86_64-redhat-linux/9/crtbegin.o -L/usr/lib/gcc/x86_64-redhat-linux/9 -L/usr/lib/gcc/x86_64-redhat-linux/9/../../../../lib64 -L/lib/../lib64 -L/usr/lib/../lib64 -L/usr/lib/gcc/x86_64-redhat-linux/9/../../.. /tmp/ccrQhVYY.o -lgfortran -lm -lgcc_s -lgcc -lquadmath -lm -lgcc_s -lgcc -lc -lgcc_s -lgcc /usr/lib/gcc/x86_64-redhat-linux/9/crtend.o /usr/lib/gcc/x86_64-redhat-linux/9/../../../../lib64/crtn.o
configure:4017: result:  -L/usr/lib/gcc/x86_64-redhat-linux/9 -L/usr/lib/gcc/x86_64-redhat-linux/9/../../../../lib64 -L/lib/../lib64 -L/usr/lib/../lib64 -L/usr/lib/gcc/x86_64-redhat-linux/9/../../.. -lgfortran -lm -lquadmath
configure:4033: checking for dummy main to link with Fortran libraries
configure:4067: gcc -o conftest -g -O2 -Wall -Wextra -Wmissing-declarations -Wmissing-prototypes -Wimplicit-function-declaration -Wunused -Wuninitialized -Wvla -Wformat -Wformat-security -Wmain -Wsequence-point -Wshadow -Wbad-function-cast -Wcomments -Wdeclaration-after-statement -Waddress -Wpointer-sign -Wempty-body -Wnested-externs -Wold-style-declaration -Wold-style-definition -Wmissing-field-initializers -Wmaybe-uninitialized -Wno-return-local-addr -Wreturn-type -Wsequence-point -Wundef -Wunknown-pragmas -Wunused-label   conftest.c   -L/usr/lib/gcc/x86_64-redhat-linux/9 -L/usr/lib/gcc/x86_64-redhat-linux/9/../../../../lib64 -L/lib/../lib64 -L/usr/lib/../lib64 -L/usr/lib/gcc/x86_64-redhat-linux/9/../../.. -lgfortran -lm -lquadmath >&5
conftest.c: In function 'main':
conftest.c:19:1: warning: old-style function definition [-Wold-style-definition]
   19 | main ()
      | ^~~~
configure:4067: $? = 0
configure:4112: result: none
configure:4145: checking for Fortran name-mangling scheme
configure:4158: gfortran -c -g -O2  conftest.f >&5
configure:4158: $? = 0
configure:4199: gcc -o conftest -g -O2 -Wall -Wextra -Wmissing-declarations -Wmissing-prototypes -Wimplicit-function-declaration -Wunused -Wuninitialized -Wvla -Wformat -Wformat-security -Wmain -Wsequence-point -Wshadow -Wbad-function-cast -Wcomments -Wdeclaration-after-statement -Waddress -Wpointer-sign -Wempty-body -Wnested-externs -Wold-style-declaration -Wold-style-definition -Wmissing-field-initializers -Wmaybe-uninitialized -Wno-return-local-addr -Wreturn-type -Wsequence-point -Wundef -Wunknown-pragmas -Wunused-label   conftest.c cfortran_test.o   -L/usr/lib/gcc/x86_64-redhat-linux/9 -L/usr/lib/gcc/x86_64-redhat-linux/9/../../../../lib64 -L/lib/../lib64 -L/usr/lib/../lib64 -L/usr/lib/gcc/x86_64-redhat-linux/9/../../.. -lgfortran -lm -lquadmath >&5
conftest.c: In function 'main':
conftest.c:26:1: warning: old-style function definition [-Wold-style-definition]
   26 | main ()
      | ^~~~
/usr/bin/ld: /tmp/cclbajxc.o: in function `main':
/home/liuhui/codehub/projmgmt/autoconf/conftest.c:28: undefined reference to `foobar'
collect2: error: ld returned 1 exit status
configure:4199: $? = 1
configure: failed program was:
| /* confdefs.h */
| #define PACKAGE_NAME ""
| #define PACKAGE_TARNAME ""
| #define PACKAGE_VERSION ""
| #define PACKAGE_STRING ""
| #define PACKAGE_BUGREPORT ""
| #define PACKAGE_URL ""
| /* end confdefs.h.  */
| 
| /* Override any GCC internal prototype to avoid an error.
|    Use char because int might match the return type of a GCC
|    builtin and then its argument prototype would still apply.  */
| #ifdef __cplusplus
| extern "C"
| #endif
| char foobar ();
| #ifdef FC_DUMMY_MAIN
| #ifndef FC_DUMMY_MAIN_EQ_F77
| #  ifdef __cplusplus
|      extern "C"
| #  endif
|    int FC_DUMMY_MAIN() { return 1; }
| #endif
| #endif
| int
| main ()
| {
| return foobar ();
|   ;
|   return 0;
| }
configure:4199: gcc -o conftest -g -O2 -Wall -Wextra -Wmissing-declarations -Wmissing-prototypes -Wimplicit-function-declaration -Wunused -Wuninitialized -Wvla -Wformat -Wformat-security -Wmain -Wsequence-point -Wshadow -Wbad-function-cast -Wcomments -Wdeclaration-after-statement -Waddress -Wpointer-sign -Wempty-body -Wnested-externs -Wold-style-declaration -Wold-style-definition -Wmissing-field-initializers -Wmaybe-uninitialized -Wno-return-local-addr -Wreturn-type -Wsequence-point -Wundef -Wunknown-pragmas -Wunused-label   conftest.c cfortran_test.o   -L/usr/lib/gcc/x86_64-redhat-linux/9 -L/usr/lib/gcc/x86_64-redhat-linux/9/../../../../lib64 -L/lib/../lib64 -L/usr/lib/../lib64 -L/usr/lib/gcc/x86_64-redhat-linux/9/../../.. -lgfortran -lm -lquadmath >&5
conftest.c: In function 'main':
conftest.c:26:1: warning: old-style function definition [-Wold-style-definition]
   26 | main ()
      | ^~~~
configure:4199: $? = 0
configure:4257: gcc -o conftest -g -O2 -Wall -Wextra -Wmissing-declarations -Wmissing-prototypes -Wimplicit-function-declaration -Wunused -Wuninitialized -Wvla -Wformat -Wformat-security -Wmain -Wsequence-point -Wshadow -Wbad-function-cast -Wcomments -Wdeclaration-after-statement -Waddress -Wpointer-sign -Wempty-body -Wnested-externs -Wold-style-declaration -Wold-style-definition -Wmissing-field-initializers -Wmaybe-uninitialized -Wno-return-local-addr -Wreturn-type -Wsequence-point -Wundef -Wunknown-pragmas -Wunused-label   conftest.c cfortran_test.o   -L/usr/lib/gcc/x86_64-redhat-linux/9 -L/usr/lib/gcc/x86_64-redhat-linux/9/../../../../lib64 -L/lib/../lib64 -L/usr/lib/../lib64 -L/usr/lib/gcc/x86_64-redhat-linux/9/../../.. -lgfortran -lm -lquadmath >&5
conftest.c: In function 'main':
conftest.c:26:1: warning: old-style function definition [-Wold-style-definition]
   26 | main ()
      | ^~~~
configure:4257: $? = 0
configure:4299: result: lower case, underscore, no extra underscore
configure:4369: checking how to get verbose linking output from gfortran
configure:4480: result: -v
configure:4482: checking for Fortran libraries of gfortran
configure:4701: result:  -L/usr/lib/gcc/x86_64-redhat-linux/9 -L/usr/lib/gcc/x86_64-redhat-linux/9/../../../../lib64 -L/lib/../lib64 -L/usr/lib/../lib64 -L/usr/lib/gcc/x86_64-redhat-linux/9/../../.. -lgfortran -lm -lquadmath
configure:4859: checking for ar
configure:4875: found /usr/bin/ar
configure:4886: result: ar
configure:4946: checking for ranlib
configure:4962: found /usr/bin/ranlib
configure:4973: result: ranlib
configure:5007: checking for compiler flag for specifying rpath 
configure:5032: g++ -o conftest -g -O2 -Wno-deprecated -Wall -std=c++11 -Wmissing-declarations -Wunused -Wuninitialized -Wvla -Wformat -Wformat-security -Wmain -Wsequence-point -Wshadow -Waddress -Wcomments -Wmain -Wsequence-point -Wempty-body -Wmissing-field-initializers -Wmaybe-uninitialized -Wno-return-local-addr -Wreturn-type -Wsequence-point -Wundef -Wunknown-pragmas -Wunused-label   conftest.cpp -L/usr/local/lib  -lm  -L/usr/lib/gcc/x86_64-redhat-linux/9 -L/usr/lib/gcc/x86_64-redhat-linux/9/../../../../lib64 -L/lib/../lib64 -L/usr/lib/../lib64 -L/usr/lib/gcc/x86_64-redhat-linux/9/../../.. -lgfortran -lm -lquadmath -Wl,-rpath,/usr/lib >&5
configure:5032: $? = 0
configure:5043: result: "-Wl,-rpath,"
configure:5054: checking whether time.h and sys/time.h may both be included
configure:5082: g++ -c -g -O2 -Wno-deprecated -Wall -std=c++11 -Wmissing-declarations -Wunused -Wuninitialized -Wvla -Wformat -Wformat-security -Wmain -Wsequence-point -Wshadow -Waddress -Wcomments -Wmain -Wsequence-point -Wempty-body -Wmissing-field-initializers -Wmaybe-uninitialized -Wno-return-local-addr -Wreturn-type -Wsequence-point -Wundef -Wunknown-pragmas -Wunused-label  conftest.cpp >&5
configure:5082: $? = 0
configure:5089: result: yes
configure:5102: checking how to run the C++ preprocessor
configure:5129: g++ -E  conftest.cpp
configure:5129: $? = 0
configure:5143: g++ -E  conftest.cpp
conftest.cpp:12:10: fatal error: ac_nonexistent.h: No such file or directory
   12 | #include <ac_nonexistent.h>
      |          ^~~~~~~~~~~~~~~~~~
compilation terminated.
configure:5143: $? = 1
configure: failed program was:
| /* confdefs.h */
| #define PACKAGE_NAME ""
| #define PACKAGE_TARNAME ""
| #define PACKAGE_VERSION ""
| #define PACKAGE_STRING ""
| #define PACKAGE_BUGREPORT ""
| #define PACKAGE_URL ""
| #define FC_FUNC(name,NAME) name ## _
| #define FC_FUNC_(name,NAME) name ## _
| #define TIME_WITH_SYS_TIME 1
| /* end confdefs.h.  */
| #include <ac_nonexistent.h>
configure:5168: result: g++ -E
configure:5188: g++ -E  conftest.cpp
configure:5188: $? = 0
configure:5202: g++ -E  conftest.cpp
conftest.cpp:12:10: fatal error: ac_nonexistent.h: No such file or directory
   12 | #include <ac_nonexistent.h>
      |          ^~~~~~~~~~~~~~~~~~
compilation terminated.
configure:5202: $? = 1
configure: failed program was:
| /* confdefs.h */
| #define PACKAGE_NAME ""
| #define PACKAGE_TARNAME ""
| #define PACKAGE_VERSION ""
| #define PACKAGE_STRING ""
| #define PACKAGE_BUGREPORT ""
| #define PACKAGE_URL ""
| #define FC_FUNC(name,NAME) name ## _
| #define FC_FUNC_(name,NAME) name ## _
| #define TIME_WITH_SYS_TIME 1
| /* end confdefs.h.  */
| #include <ac_nonexistent.h>
configure:5231: checking for grep that handles long lines and -e
configure:5289: result: /usr/bin/grep
configure:5294: checking for egrep
configure:5356: result: /usr/bin/grep -E
configure:5361: checking for ANSI C header files
configure:5389: g++ -c -g -O2 -Wno-deprecated -Wall -std=c++11 -Wmissing-declarations -Wunused -Wuninitialized -Wvla -Wformat -Wformat-security -Wmain -Wsequence-point -Wshadow -Waddress -Wcomments -Wmain -Wsequence-point -Wempty-body -Wmissing-field-initializers -Wmaybe-uninitialized -Wno-return-local-addr -Wreturn-type -Wsequence-point -Wundef -Wunknown-pragmas -Wunused-label  conftest.cpp >&5
configure:5389: $? = 0
configure:5462: g++ -o conftest -g -O2 -Wno-deprecated -Wall -std=c++11 -Wmissing-declarations -Wunused -Wuninitialized -Wvla -Wformat -Wformat-security -Wmain -Wsequence-point -Wshadow -Waddress -Wcomments -Wmain -Wsequence-point -Wempty-body -Wmissing-field-initializers -Wmaybe-uninitialized -Wno-return-local-addr -Wreturn-type -Wsequence-point -Wundef -Wunknown-pragmas -Wunused-label   conftest.cpp -L/usr/local/lib  -lm  -L/usr/lib/gcc/x86_64-redhat-linux/9 -L/usr/lib/gcc/x86_64-redhat-linux/9/../../../../lib64 -L/lib/../lib64 -L/usr/lib/../lib64 -L/usr/lib/gcc/x86_64-redhat-linux/9/../../.. -lgfortran -lm -lquadmath >&5
configure:5462: $? = 0
configure:5462: ./conftest
configure:5462: $? = 0
configure:5473: result: yes
configure:5486: checking for sys/types.h
configure:5486: g++ -c -g -O2 -Wno-deprecated -Wall -std=c++11 -Wmissing-declarations -Wunused -Wuninitialized -Wvla -Wformat -Wformat-security -Wmain -Wsequence-point -Wshadow -Waddress -Wcomments -Wmain -Wsequence-point -Wempty-body -Wmissing-field-initializers -Wmaybe-uninitialized -Wno-return-local-addr -Wreturn-type -Wsequence-point -Wundef -Wunknown-pragmas -Wunused-label  conftest.cpp >&5
configure:5486: $? = 0
configure:5486: result: yes
configure:5486: checking for sys/stat.h
configure:5486: g++ -c -g -O2 -Wno-deprecated -Wall -std=c++11 -Wmissing-declarations -Wunused -Wuninitialized -Wvla -Wformat -Wformat-security -Wmain -Wsequence-point -Wshadow -Waddress -Wcomments -Wmain -Wsequence-point -Wempty-body -Wmissing-field-initializers -Wmaybe-uninitialized -Wno-return-local-addr -Wreturn-type -Wsequence-point -Wundef -Wunknown-pragmas -Wunused-label  conftest.cpp >&5
configure:5486: $? = 0
configure:5486: result: yes
configure:5486: checking for stdlib.h
configure:5486: g++ -c -g -O2 -Wno-deprecated -Wall -std=c++11 -Wmissing-declarations -Wunused -Wuninitialized -Wvla -Wformat -Wformat-security -Wmain -Wsequence-point -Wshadow -Waddress -Wcomments -Wmain -Wsequence-point -Wempty-body -Wmissing-field-initializers -Wmaybe-uninitialized -Wno-return-local-addr -Wreturn-type -Wsequence-point -Wundef -Wunknown-pragmas -Wunused-label  conftest.cpp >&5
configure:5486: $? = 0
configure:5486: result: yes
configure:5486: checking for string.h
configure:5486: g++ -c -g -O2 -Wno-deprecated -Wall -std=c++11 -Wmissing-declarations -Wunused -Wuninitialized -Wvla -Wformat -Wformat-security -Wmain -Wsequence-point -Wshadow -Waddress -Wcomments -Wmain -Wsequence-point -Wempty-body -Wmissing-field-initializers -Wmaybe-uninitialized -Wno-return-local-addr -Wreturn-type -Wsequence-point -Wundef -Wunknown-pragmas -Wunused-label  conftest.cpp >&5
configure:5486: $? = 0
configure:5486: result: yes
configure:5486: checking for memory.h
configure:5486: g++ -c -g -O2 -Wno-deprecated -Wall -std=c++11 -Wmissing-declarations -Wunused -Wuninitialized -Wvla -Wformat -Wformat-security -Wmain -Wsequence-point -Wshadow -Waddress -Wcomments -Wmain -Wsequence-point -Wempty-body -Wmissing-field-initializers -Wmaybe-uninitialized -Wno-return-local-addr -Wreturn-type -Wsequence-point -Wundef -Wunknown-pragmas -Wunused-label  conftest.cpp >&5
configure:5486: $? = 0
configure:5486: result: yes
configure:5486: checking for strings.h
configure:5486: g++ -c -g -O2 -Wno-deprecated -Wall -std=c++11 -Wmissing-declarations -Wunused -Wuninitialized -Wvla -Wformat -Wformat-security -Wmain -Wsequence-point -Wshadow -Waddress -Wcomments -Wmain -Wsequence-point -Wempty-body -Wmissing-field-initializers -Wmaybe-uninitialized -Wno-return-local-addr -Wreturn-type -Wsequence-point -Wundef -Wunknown-pragmas -Wunused-label  conftest.cpp >&5
configure:5486: $? = 0
configure:5486: result: yes
configure:5486: checking for inttypes.h
configure:5486: g++ -c -g -O2 -Wno-deprecated -Wall -std=c++11 -Wmissing-declarations -Wunused -Wuninitialized -Wvla -Wformat -Wformat-security -Wmain -Wsequence-point -Wshadow -Waddress -Wcomments -Wmain -Wsequence-point -Wempty-body -Wmissing-field-initializers -Wmaybe-uninitialized -Wno-return-local-addr -Wreturn-type -Wsequence-point -Wundef -Wunknown-pragmas -Wunused-label  conftest.cpp >&5
configure:5486: $? = 0
configure:5486: result: yes
configure:5486: checking for stdint.h
configure:5486: g++ -c -g -O2 -Wno-deprecated -Wall -std=c++11 -Wmissing-declarations -Wunused -Wuninitialized -Wvla -Wformat -Wformat-security -Wmain -Wsequence-point -Wshadow -Waddress -Wcomments -Wmain -Wsequence-point -Wempty-body -Wmissing-field-initializers -Wmaybe-uninitialized -Wno-return-local-addr -Wreturn-type -Wsequence-point -Wundef -Wunknown-pragmas -Wunused-label  conftest.cpp >&5
configure:5486: $? = 0
configure:5486: result: yes
configure:5486: checking for unistd.h
configure:5486: g++ -c -g -O2 -Wno-deprecated -Wall -std=c++11 -Wmissing-declarations -Wunused -Wuninitialized -Wvla -Wformat -Wformat-security -Wmain -Wsequence-point -Wshadow -Waddress -Wcomments -Wmain -Wsequence-point -Wempty-body -Wmissing-field-initializers -Wmaybe-uninitialized -Wno-return-local-addr -Wreturn-type -Wsequence-point -Wundef -Wunknown-pragmas -Wunused-label  conftest.cpp >&5
configure:5486: $? = 0
configure:5486: result: yes
configure:5501: checking limits.h usability
configure:5501: g++ -c -g -O2 -Wno-deprecated -Wall -std=c++11 -Wmissing-declarations -Wunused -Wuninitialized -Wvla -Wformat -Wformat-security -Wmain -Wsequence-point -Wshadow -Waddress -Wcomments -Wmain -Wsequence-point -Wempty-body -Wmissing-field-initializers -Wmaybe-uninitialized -Wno-return-local-addr -Wreturn-type -Wsequence-point -Wundef -Wunknown-pragmas -Wunused-label  conftest.cpp >&5
configure:5501: $? = 0
configure:5501: result: yes
configure:5501: checking limits.h presence
configure:5501: g++ -E  conftest.cpp
configure:5501: $? = 0
configure:5501: result: yes
configure:5501: checking for limits.h
configure:5501: result: yes
configure:5501: checking ctype.h usability
configure:5501: g++ -c -g -O2 -Wno-deprecated -Wall -std=c++11 -Wmissing-declarations -Wunused -Wuninitialized -Wvla -Wformat -Wformat-security -Wmain -Wsequence-point -Wshadow -Waddress -Wcomments -Wmain -Wsequence-point -Wempty-body -Wmissing-field-initializers -Wmaybe-uninitialized -Wno-return-local-addr -Wreturn-type -Wsequence-point -Wundef -Wunknown-pragmas -Wunused-label  conftest.cpp >&5
configure:5501: $? = 0
configure:5501: result: yes
configure:5501: checking ctype.h presence
configure:5501: g++ -E  conftest.cpp
configure:5501: $? = 0
configure:5501: result: yes
configure:5501: checking for ctype.h
configure:5501: result: yes
configure:5514: checking sys/time.h usability
configure:5514: g++ -c -g -O2 -Wno-deprecated -Wall -std=c++11 -Wmissing-declarations -Wunused -Wuninitialized -Wvla -Wformat -Wformat-security -Wmain -Wsequence-point -Wshadow -Waddress -Wcomments -Wmain -Wsequence-point -Wempty-body -Wmissing-field-initializers -Wmaybe-uninitialized -Wno-return-local-addr -Wreturn-type -Wsequence-point -Wundef -Wunknown-pragmas -Wunused-label  conftest.cpp >&5
configure:5514: $? = 0
configure:5514: result: yes
configure:5514: checking sys/time.h presence
configure:5514: g++ -E  conftest.cpp
configure:5514: $? = 0
configure:5514: result: yes
configure:5514: checking for sys/time.h
configure:5514: result: yes
configure:5514: checking for unistd.h
configure:5514: result: yes
configure:5528: checking for gettimeofday
configure:5528: g++ -o conftest -g -O2 -Wno-deprecated -Wall -std=c++11 -Wmissing-declarations -Wunused -Wuninitialized -Wvla -Wformat -Wformat-security -Wmain -Wsequence-point -Wshadow -Waddress -Wcomments -Wmain -Wsequence-point -Wempty-body -Wmissing-field-initializers -Wmaybe-uninitialized -Wno-return-local-addr -Wreturn-type -Wsequence-point -Wundef -Wunknown-pragmas -Wunused-label   conftest.cpp -L/usr/local/lib  -lm  -L/usr/lib/gcc/x86_64-redhat-linux/9 -L/usr/lib/gcc/x86_64-redhat-linux/9/../../../../lib64 -L/lib/../lib64 -L/usr/lib/../lib64 -L/usr/lib/gcc/x86_64-redhat-linux/9/../../.. -lgfortran -lm -lquadmath >&5
configure:5528: $? = 0
configure:5528: result: yes
configure:5620: checking whether we have BLAS 
configure:5667: /usr/lib64/ccache/gcc  -o conftest -g -O2 -Wall -Wextra -Wmissing-declarations -Wmissing-prototypes -Wimplicit-function-declaration -Wunused -Wuninitialized -Wvla -Wformat -Wformat-security -Wmain -Wsequence-point -Wshadow -Wbad-function-cast -Wcomments -Wdeclaration-after-statement -Waddress -Wpointer-sign -Wempty-body -Wnested-externs -Wold-style-declaration -Wold-style-definition -Wmissing-field-initializers -Wmaybe-uninitialized -Wno-return-local-addr -Wreturn-type -Wsequence-point -Wundef -Wunknown-pragmas -Wunused-label -I/home/liuhui/codehub/projmgmt/autoconf/include  -I/usr/local/include -L/home/liuhui/codehub/projmgmt/autoconf/src  -L/usr/local/lib conftest.c  -lblas -L/usr/local/lib  -lm  -L/usr/lib/gcc/x86_64-redhat-linux/9 -L/usr/lib/gcc/x86_64-redhat-linux/9/../../../../lib64 -L/lib/../lib64 -L/usr/lib/../lib64 -L/usr/lib/gcc/x86_64-redhat-linux/9/../../.. -lgfortran -lm -lquadmath -lm >&5
conftest.c:27:1: warning: return type defaults to 'int' [-Wimplicit-int]
   27 | main(){dgemm_();}
      | ^~~~
conftest.c: In function 'main':
conftest.c:27:1: warning: old-style function definition [-Wold-style-definition]
conftest.c:27:8: warning: implicit declaration of function 'dgemm_' [-Wimplicit-function-declaration]
   27 | main(){dgemm_();}
      |        ^~~~~~
conftest.c:27:8: warning: nested extern declaration of 'dgemm_' [-Wnested-externs]
configure:5667: $? = 0
configure:5765: result: yes
configure:5768: * BLAS support enabled
configure:5770: * BLAS libs = -L/usr/local/lib -lblas
configure:5802: checking whether we have SUPERLU 
configure:5831: result: yes
configure:5834: * SUPERLU support enabled
configure:5836: * SUPERLU include dir = /usr/local/superlu/include
configure:5838: * SUPERLU lib dir = /usr/local/superlu/lib
configure:5840: * SUPERLU libs = -lsuperlu
configure:6015: creating ./config.status

## ---------------------- ##
## Running config.status. ##
## ---------------------- ##

This file was extended by config.status, which was
generated by GNU Autoconf 2.69.  Invocation command line was

  CONFIG_FILES    = 
  CONFIG_HEADERS  = 
  CONFIG_LINKS    = 
  CONFIG_COMMANDS = 
  $ ./config.status 

on localhost.localdomain

config.status:833: creating Makefile
config.status:833: creating Makefile.inc
config.status:833: creating include/config.h

## ---------------- ##
## Cache variables. ##
## ---------------- ##

ac_cv_build=x86_64-unknown-linux-gnu
ac_cv_c_compiler_gnu=yes
ac_cv_cxx_compiler_gnu=yes
ac_cv_env_CCC_set=
ac_cv_env_CCC_value=
ac_cv_env_CC_set=
ac_cv_env_CC_value=
ac_cv_env_CFLAGS_set=
ac_cv_env_CFLAGS_value=
ac_cv_env_CPPFLAGS_set=
ac_cv_env_CPPFLAGS_value=
ac_cv_env_CPP_set=
ac_cv_env_CPP_value=
ac_cv_env_CXXCPP_set=
ac_cv_env_CXXCPP_value=
ac_cv_env_CXXFLAGS_set=
ac_cv_env_CXXFLAGS_value=
ac_cv_env_CXX_set=
ac_cv_env_CXX_value=
ac_cv_env_FCFLAGS_set=
ac_cv_env_FCFLAGS_value=
ac_cv_env_FC_set=
ac_cv_env_FC_value=
ac_cv_env_LDFLAGS_set=
ac_cv_env_LDFLAGS_value=
ac_cv_env_LIBS_set=
ac_cv_env_LIBS_value=
ac_cv_env_build_alias_set=
ac_cv_env_build_alias_value=
ac_cv_env_host_alias_set=
ac_cv_env_host_alias_value=
ac_cv_env_target_alias_set=
ac_cv_env_target_alias_value=
ac_cv_fc_compiler_gnu=yes
ac_cv_fc_dummy_main=none
ac_cv_fc_libs=' -L/usr/lib/gcc/x86_64-redhat-linux/9 -L/usr/lib/gcc/x86_64-redhat-linux/9/../../../../lib64 -L/lib/../lib64 -L/usr/lib/../lib64 -L/usr/lib/gcc/x86_64-redhat-linux/9/../../.. -lgfortran -lm -lquadmath'
ac_cv_fc_mangling='lower case, underscore, no extra underscore'
ac_cv_fortran_dummy_main=none
ac_cv_func_gettimeofday=yes
ac_cv_header_ctype_h=yes
ac_cv_header_inttypes_h=yes
ac_cv_header_limits_h=yes
ac_cv_header_memory_h=yes
ac_cv_header_stdc=yes
ac_cv_header_stdint_h=yes
ac_cv_header_stdlib_h=yes
ac_cv_header_string_h=yes
ac_cv_header_strings_h=yes
ac_cv_header_sys_stat_h=yes
ac_cv_header_sys_time_h=yes
ac_cv_header_sys_types_h=yes
ac_cv_header_time=yes
ac_cv_header_unistd_h=yes
ac_cv_host=x86_64-unknown-linux-gnu
ac_cv_objext=o
ac_cv_path_EGREP='/usr/bin/grep -E'
ac_cv_path_GREP=/usr/bin/grep
ac_cv_prog_AR=ar
ac_cv_prog_CPP='gcc -E'
ac_cv_prog_CXXCPP='g++ -E'
ac_cv_prog_ac_ct_CC=gcc
ac_cv_prog_ac_ct_CXX=g++
ac_cv_prog_ac_ct_FC=gfortran
ac_cv_prog_ac_ct_RANLIB=ranlib
ac_cv_prog_cc_c89=
ac_cv_prog_cc_g=yes
ac_cv_prog_cxx_g=yes
ac_cv_prog_fc_g=yes
ac_cv_prog_fc_v=-v

## ----------------- ##
## Output variables. ##
## ----------------- ##

AR='ar'
CC='/usr/lib64/ccache/gcc '
CFLAGS='-g -O2 -Wall -Wextra -Wmissing-declarations -Wmissing-prototypes -Wimplicit-function-declaration -Wunused -Wuninitialized -Wvla -Wformat -Wformat-security -Wmain -Wsequence-point -Wshadow -Wbad-function-cast -Wcomments -Wdeclaration-after-statement -Waddress -Wpointer-sign -Wempty-body -Wnested-externs -Wold-style-declaration -Wold-style-definition -Wmissing-field-initializers -Wmaybe-uninitialized -Wno-return-local-addr -Wreturn-type -Wsequence-point -Wundef -Wunknown-pragmas -Wunused-label'
CPP='/usr/lib64/ccache/gcc -E'
CPPFLAGS='-I/home/liuhui/codehub/projmgmt/autoconf/include  -I/usr/local/include -I/usr/local/superlu/include'
CXX='g++'
CXXCPP='g++ -E'
CXXFLAGS='-g -O2 -Wno-deprecated -Wall -std=c++11 -Wmissing-declarations -Wunused -Wuninitialized -Wvla -Wformat -Wformat-security -Wmain -Wsequence-point -Wshadow -Waddress -Wcomments -Wmain -Wsequence-point -Wempty-body -Wmissing-field-initializers -Wmaybe-uninitialized -Wno-return-local-addr -Wreturn-type -Wsequence-point -Wundef -Wunknown-pragmas -Wunused-label'
DEFS='-DHAVE_CONFIG_H'
ECHO_C=''
ECHO_N='-n'
ECHO_T=''
EGREP='/usr/bin/grep -E'
EXEEXT=''
FC='/usr/bin/gfortran '
FCFLAGS='-g -O2'
FCLIBS=' -L/usr/lib/gcc/x86_64-redhat-linux/9 -L/usr/lib/gcc/x86_64-redhat-linux/9/../../../../lib64 -L/lib/../lib64 -L/usr/lib/../lib64 -L/usr/lib/gcc/x86_64-redhat-linux/9/../../.. -lgfortran -lm -lquadmath'
GREP='/usr/bin/grep'
LDFLAGS='-L/home/liuhui/codehub/projmgmt/autoconf/src  -L/usr/local/lib -L/usr/local/superlu/lib'
LIBOBJS=''
LIBS='-lprojmgmt  -lsuperlu  -lblas -L/usr/local/lib  -lm  -L/usr/lib/gcc/x86_64-redhat-linux/9 -L/usr/lib/gcc/x86_64-redhat-linux/9/../../../../lib64 -L/lib/../lib64 -L/usr/lib/../lib64 -L/usr/lib/gcc/x86_64-redhat-linux/9/../../.. -lgfortran -lm -lquadmath -lm'
LINKER='g++'
LTLIBOBJS=''
OBJEXT='o'
PACKAGE_BUGREPORT=''
PACKAGE_NAME=''
PACKAGE_STRING=''
PACKAGE_TARNAME=''
PACKAGE_URL=''
PACKAGE_VERSION=''
PATH_SEPARATOR=':'
RANLIB='ranlib'
RPATH_FLAG='-Wl,-rpath,'
SHELL='/bin/sh'
ac_ct_CC='gcc'
ac_ct_CXX='g++'
ac_ct_FC='gfortran'
bindir='${exec_prefix}/bin'
build='x86_64-unknown-linux-gnu'
build_alias=''
build_cpu='x86_64'
build_os='linux-gnu'
build_vendor='unknown'
datadir='${datarootdir}'
datarootdir='${prefix}/share'
docdir='${datarootdir}/doc/${PACKAGE}'
dvidir='${docdir}'
exec_prefix='${prefix}'
host='x86_64-unknown-linux-gnu'
host_alias=''
host_cpu='x86_64'
host_os='linux-gnu'
host_vendor='unknown'
htmldir='${docdir}'
includedir='${prefix}/include'
infodir='${datarootdir}/info'
libdir='${exec_prefix}/lib'
libexecdir='${exec_prefix}/libexec'
localedir='${datarootdir}/locale'
localstatedir='${prefix}/var'
mandir='${datarootdir}/man'
oldincludedir='/usr/include'
pdfdir='${docdir}'
prefix='/usr/local/projmgmt'
program_transform_name='s,x,x,'
psdir='${docdir}'
sbindir='${exec_prefix}/sbin'
sharedstatedir='${prefix}/com'
sysconfdir='${prefix}/etc'
target_alias=''

## ----------- ##
## confdefs.h. ##
## ----------- ##

/* confdefs.h */
#define PACKAGE_NAME ""
#define PACKAGE_TARNAME ""
#define PACKAGE_VERSION ""
#define PACKAGE_STRING ""
#define PACKAGE_BUGREPORT ""
#define PACKAGE_URL ""
#define FC_FUNC(name,NAME) name ## _
#define FC_FUNC_(name,NAME) name ## _
#define TIME_WITH_SYS_TIME 1
#define STDC_HEADERS 1
#define HAVE_SYS_TYPES_H 1
#define HAVE_SYS_STAT_H 1
#define HAVE_STDLIB_H 1
#define HAVE_STRING_H 1
#define HAVE_MEMORY_H 1
#define HAVE_STRINGS_H 1
#define HAVE_INTTYPES_H 1
#define HAVE_STDINT_H 1
#define HAVE_UNISTD_H 1
#define HAVE_LIMITS_H 1
#define HAVE_CTYPE_H 1
#define HAVE_SYS_TIME_H 1
#define HAVE_UNISTD_H 1
#define HAVE_GETTIMEOFDAY 1
#define USE_BLAS 1
#define USE_SUPERLU 1

configure: exit 0
